Arguments: 
  /home/vagrant/.nvm/versions/node/v10.14.2/bin/node /home/vagrant/.yarn/bin/yarn.js install

PATH: 
  /home/vagrant/.yarn/bin:/home/vagrant/.config/yarn/global/node_modules/.bin:/home/vagrant/.nvm/versions/node/v10.14.2/bin:/usr/local/sbin:/usr/local/bin:/usr/sbin:/usr/bin:/sbin:/bin:/usr/games:/usr/local/games:/snap/bin

Yarn version: 
  1.21.1

Node version: 
  10.14.2

Platform: 
  linux x64

Trace: 
  Error: EPROTO: protocol error, symlink '../../../mkdirp/bin/cmd.js' -> '/home/vagrant/workspace/intro-curriculum-3006/node_modules/express/node_modules/.bin/mkdirp'

npm manifest: 
  {
    "name": "hubot-study",
    "version": "0.0.0",
    "private": true,
    "author": "Soichiro-Yoshimura <soichiro_yoshimura@dwango.co.jp>",
    "description": "A simple helpful robot for your Company",
    "dependencies": {
      "hubot": "^2.19.0",
      "hubot-diagnostics": "0.0.1",
      "hubot-google-images": "^0.2.6",
      "hubot-google-translate": "^0.2.0",
      "hubot-help": "^0.2.0",
      "hubot-heroku-keepalive": "^1.0.2",
      "hubot-maps": "0.0.2",
      "hubot-pugme": "^0.1.0",
      "hubot-redis-brain": "0.0.3",
      "hubot-rules": "^0.1.1",
      "hubot-scripts": "^2.17.2",
      "hubot-shipit": "^0.2.0",
      "hubot-slack": "^4.0.5"
    },
    "engines": {
      "node": "0.10.x"
    }
  }

yarn manifest: 
  No manifest

Lockfile: 
  No lockfile
